[2023-10-15T19:42:42.610-0300] {taskinstance.py:1103} INFO - Dependencies all met for dep_context=non-requeueable deps ti=<TaskInstance: Executando-notebook-etl.transformando_dados scheduled__2023-09-21T14:20:00+00:00 [queued]>
[2023-10-15T19:42:42.627-0300] {taskinstance.py:1103} INFO - Dependencies all met for dep_context=requeueable deps ti=<TaskInstance: Executando-notebook-etl.transformando_dados scheduled__2023-09-21T14:20:00+00:00 [queued]>
[2023-10-15T19:42:42.627-0300] {taskinstance.py:1308} INFO - Starting attempt 1 of 1
[2023-10-15T19:42:42.669-0300] {taskinstance.py:1327} INFO - Executing <Task(DatabricksRunNowOperator): transformando_dados> on 2023-09-21 14:20:00+00:00
[2023-10-15T19:42:42.673-0300] {standard_task_runner.py:57} INFO - Started process 13188 to run task
[2023-10-15T19:42:42.677-0300] {standard_task_runner.py:84} INFO - Running: ['airflow', 'tasks', 'run', 'Executando-notebook-etl', 'transformando_dados', 'scheduled__2023-09-21T14:20:00+00:00', '--job-id', '251', '--raw', '--subdir', 'DAGS_FOLDER/extraindo-taxas.py', '--cfg-path', '/tmp/tmpinuht3lz']
[2023-10-15T19:42:42.679-0300] {standard_task_runner.py:85} INFO - Job 251: Subtask transformando_dados
[2023-10-15T19:42:42.744-0300] {task_command.py:410} INFO - Running <TaskInstance: Executando-notebook-etl.transformando_dados scheduled__2023-09-21T14:20:00+00:00 [running]> on host DESKTOP-L4GJ4I7.
[2023-10-15T19:42:42.855-0300] {taskinstance.py:1545} INFO - Exporting env vars: AIRFLOW_CTX_DAG_OWNER='airflow' AIRFLOW_CTX_DAG_ID='Executando-notebook-etl' AIRFLOW_CTX_TASK_ID='transformando_dados' AIRFLOW_CTX_EXECUTION_DATE='2023-09-21T14:20:00+00:00' AIRFLOW_CTX_TRY_NUMBER='1' AIRFLOW_CTX_DAG_RUN_ID='scheduled__2023-09-21T14:20:00+00:00'
[2023-10-15T19:42:42.862-0300] {base.py:73} INFO - Using connection ID 'databricks_default' for task execution.
[2023-10-15T19:42:42.875-0300] {databricks_base.py:497} INFO - Using token auth.
[2023-10-15T19:42:43.519-0300] {databricks.py:54} INFO - Run submitted with run_id: 22101573098338
[2023-10-15T19:42:43.520-0300] {databricks_base.py:497} INFO - Using token auth.
[2023-10-15T19:42:44.038-0300] {databricks_base.py:497} INFO - Using token auth.
[2023-10-15T19:42:44.537-0300] {databricks.py:95} INFO - transformando_dados in run state: {'life_cycle_state': 'RUNNING', 'result_state': '', 'state_message': ''}
[2023-10-15T19:42:44.537-0300] {databricks.py:96} INFO - View run status, Spark UI, and logs at https://adb-343886000386578.18.azuredatabricks.net/?o=343886000386578#job/421985359739676/run/22101573098338
[2023-10-15T19:42:44.538-0300] {databricks.py:97} INFO - Sleeping for 30 seconds.
[2023-10-15T19:43:14.568-0300] {databricks_base.py:497} INFO - Using token auth.
[2023-10-15T19:43:15.106-0300] {databricks.py:65} INFO - transformando_dados completed successfully.
[2023-10-15T19:43:15.107-0300] {databricks.py:66} INFO - View run status, Spark UI, and logs at https://adb-343886000386578.18.azuredatabricks.net/?o=343886000386578#job/421985359739676/run/22101573098338
[2023-10-15T19:43:15.117-0300] {taskinstance.py:1345} INFO - Marking task as SUCCESS. dag_id=Executando-notebook-etl, task_id=transformando_dados, execution_date=20230921T142000, start_date=20231015T224242, end_date=20231015T224315
[2023-10-15T19:43:15.178-0300] {local_task_job_runner.py:225} INFO - Task exited with return code 0
[2023-10-15T19:43:15.194-0300] {taskinstance.py:2651} INFO - 0 downstream tasks scheduled from follow-on schedule check
