[2023-10-15T19:54:47.062-0300] {taskinstance.py:1103} INFO - Dependencies all met for dep_context=non-requeueable deps ti=<TaskInstance: Executando-notebook-etl.transformando_dados scheduled__2023-10-01T14:20:00+00:00 [queued]>
[2023-10-15T19:54:47.070-0300] {taskinstance.py:1103} INFO - Dependencies all met for dep_context=requeueable deps ti=<TaskInstance: Executando-notebook-etl.transformando_dados scheduled__2023-10-01T14:20:00+00:00 [queued]>
[2023-10-15T19:54:47.070-0300] {taskinstance.py:1308} INFO - Starting attempt 1 of 1
[2023-10-15T19:54:47.099-0300] {taskinstance.py:1327} INFO - Executing <Task(DatabricksRunNowOperator): transformando_dados> on 2023-10-01 14:20:00+00:00
[2023-10-15T19:54:47.103-0300] {standard_task_runner.py:57} INFO - Started process 15417 to run task
[2023-10-15T19:54:47.107-0300] {standard_task_runner.py:84} INFO - Running: ['airflow', 'tasks', 'run', 'Executando-notebook-etl', 'transformando_dados', 'scheduled__2023-10-01T14:20:00+00:00', '--job-id', '271', '--raw', '--subdir', 'DAGS_FOLDER/extraindo-taxas.py', '--cfg-path', '/tmp/tmputsa5uuw']
[2023-10-15T19:54:47.110-0300] {standard_task_runner.py:85} INFO - Job 271: Subtask transformando_dados
[2023-10-15T19:54:47.162-0300] {task_command.py:410} INFO - Running <TaskInstance: Executando-notebook-etl.transformando_dados scheduled__2023-10-01T14:20:00+00:00 [running]> on host DESKTOP-L4GJ4I7.
[2023-10-15T19:54:47.275-0300] {taskinstance.py:1545} INFO - Exporting env vars: AIRFLOW_CTX_DAG_OWNER='airflow' AIRFLOW_CTX_DAG_ID='Executando-notebook-etl' AIRFLOW_CTX_TASK_ID='transformando_dados' AIRFLOW_CTX_EXECUTION_DATE='2023-10-01T14:20:00+00:00' AIRFLOW_CTX_TRY_NUMBER='1' AIRFLOW_CTX_DAG_RUN_ID='scheduled__2023-10-01T14:20:00+00:00'
[2023-10-15T19:54:47.282-0300] {base.py:73} INFO - Using connection ID 'databricks_default' for task execution.
[2023-10-15T19:54:47.295-0300] {databricks_base.py:497} INFO - Using token auth.
[2023-10-15T19:54:47.912-0300] {databricks.py:54} INFO - Run submitted with run_id: 942643906621455
[2023-10-15T19:54:47.912-0300] {databricks_base.py:497} INFO - Using token auth.
[2023-10-15T19:54:48.473-0300] {databricks_base.py:497} INFO - Using token auth.
[2023-10-15T19:54:48.994-0300] {databricks.py:95} INFO - transformando_dados in run state: {'life_cycle_state': 'RUNNING', 'result_state': '', 'state_message': ''}
[2023-10-15T19:54:48.994-0300] {databricks.py:96} INFO - View run status, Spark UI, and logs at https://adb-343886000386578.18.azuredatabricks.net/?o=343886000386578#job/421985359739676/run/942643906621455
[2023-10-15T19:54:48.995-0300] {databricks.py:97} INFO - Sleeping for 30 seconds.
[2023-10-15T19:55:19.025-0300] {databricks_base.py:497} INFO - Using token auth.
[2023-10-15T19:55:19.555-0300] {databricks.py:65} INFO - transformando_dados completed successfully.
[2023-10-15T19:55:19.555-0300] {databricks.py:66} INFO - View run status, Spark UI, and logs at https://adb-343886000386578.18.azuredatabricks.net/?o=343886000386578#job/421985359739676/run/942643906621455
[2023-10-15T19:55:19.564-0300] {taskinstance.py:1345} INFO - Marking task as SUCCESS. dag_id=Executando-notebook-etl, task_id=transformando_dados, execution_date=20231001T142000, start_date=20231015T225447, end_date=20231015T225519
[2023-10-15T19:55:19.635-0300] {local_task_job_runner.py:225} INFO - Task exited with return code 0
[2023-10-15T19:55:19.647-0300] {taskinstance.py:2651} INFO - 0 downstream tasks scheduled from follow-on schedule check
