[2023-10-15T18:57:23.858-0300] {taskinstance.py:1103} INFO - Dependencies all met for dep_context=non-requeueable deps ti=<TaskInstance: Executando-notebook-etl.Extraindo-conversoes manual__2023-10-15T21:57:20.526059+00:00 [queued]>
[2023-10-15T18:57:23.865-0300] {taskinstance.py:1103} INFO - Dependencies all met for dep_context=requeueable deps ti=<TaskInstance: Executando-notebook-etl.Extraindo-conversoes manual__2023-10-15T21:57:20.526059+00:00 [queued]>
[2023-10-15T18:57:23.865-0300] {taskinstance.py:1308} INFO - Starting attempt 1 of 1
[2023-10-15T18:57:23.896-0300] {taskinstance.py:1327} INFO - Executing <Task(DatabricksRunNowOperator): Extraindo-conversoes> on 2023-10-15 21:57:20.526059+00:00
[2023-10-15T18:57:23.900-0300] {standard_task_runner.py:57} INFO - Started process 4261 to run task
[2023-10-15T18:57:23.903-0300] {standard_task_runner.py:84} INFO - Running: ['airflow', 'tasks', 'run', 'Executando-notebook-etl', 'Extraindo-conversoes', 'manual__2023-10-15T21:57:20.526059+00:00', '--job-id', '195', '--raw', '--subdir', 'DAGS_FOLDER/extraindo-taxas.py', '--cfg-path', '/tmp/tmpy1yj4m6f']
[2023-10-15T18:57:23.906-0300] {standard_task_runner.py:85} INFO - Job 195: Subtask Extraindo-conversoes
[2023-10-15T18:57:23.975-0300] {task_command.py:410} INFO - Running <TaskInstance: Executando-notebook-etl.Extraindo-conversoes manual__2023-10-15T21:57:20.526059+00:00 [running]> on host DESKTOP-L4GJ4I7.
[2023-10-15T18:57:24.062-0300] {taskinstance.py:1545} INFO - Exporting env vars: AIRFLOW_CTX_DAG_OWNER='airflow' AIRFLOW_CTX_DAG_ID='Executando-notebook-etl' AIRFLOW_CTX_TASK_ID='Extraindo-conversoes' AIRFLOW_CTX_EXECUTION_DATE='2023-10-15T21:57:20.526059+00:00' AIRFLOW_CTX_TRY_NUMBER='1' AIRFLOW_CTX_DAG_RUN_ID='manual__2023-10-15T21:57:20.526059+00:00'
[2023-10-15T18:57:24.069-0300] {base.py:73} INFO - Using connection ID 'databricks_default' for task execution.
[2023-10-15T18:57:24.083-0300] {databricks_base.py:497} INFO - Using token auth.
[2023-10-15T18:57:24.735-0300] {databricks.py:54} INFO - Run submitted with run_id: 746873398130323
[2023-10-15T18:57:24.735-0300] {databricks_base.py:497} INFO - Using token auth.
[2023-10-15T18:57:25.313-0300] {databricks_base.py:497} INFO - Using token auth.
[2023-10-15T18:57:25.833-0300] {databricks.py:95} INFO - Extraindo-conversoes in run state: {'life_cycle_state': 'RUNNING', 'result_state': '', 'state_message': ''}
[2023-10-15T18:57:25.833-0300] {databricks.py:96} INFO - View run status, Spark UI, and logs at https://adb-343886000386578.18.azuredatabricks.net/?o=343886000386578#job/307543230213856/run/746873398130323
[2023-10-15T18:57:25.834-0300] {databricks.py:97} INFO - Sleeping for 30 seconds.
[2023-10-15T18:57:55.864-0300] {databricks_base.py:497} INFO - Using token auth.
[2023-10-15T18:57:56.389-0300] {databricks.py:65} INFO - Extraindo-conversoes completed successfully.
[2023-10-15T18:57:56.389-0300] {databricks.py:66} INFO - View run status, Spark UI, and logs at https://adb-343886000386578.18.azuredatabricks.net/?o=343886000386578#job/307543230213856/run/746873398130323
[2023-10-15T18:57:56.399-0300] {taskinstance.py:1345} INFO - Marking task as SUCCESS. dag_id=Executando-notebook-etl, task_id=Extraindo-conversoes, execution_date=20231015T215720, start_date=20231015T215723, end_date=20231015T215756
[2023-10-15T18:57:56.479-0300] {local_task_job_runner.py:225} INFO - Task exited with return code 0
[2023-10-15T18:57:56.505-0300] {taskinstance.py:2651} INFO - 0 downstream tasks scheduled from follow-on schedule check
