[2023-10-15T20:03:09.295-0300] {taskinstance.py:1103} INFO - Dependencies all met for dep_context=non-requeueable deps ti=<TaskInstance: Executando-notebook-etl.transformando_dados scheduled__2023-10-08T14:20:00+00:00 [queued]>
[2023-10-15T20:03:09.306-0300] {taskinstance.py:1103} INFO - Dependencies all met for dep_context=requeueable deps ti=<TaskInstance: Executando-notebook-etl.transformando_dados scheduled__2023-10-08T14:20:00+00:00 [queued]>
[2023-10-15T20:03:09.306-0300] {taskinstance.py:1308} INFO - Starting attempt 1 of 1
[2023-10-15T20:03:09.358-0300] {taskinstance.py:1327} INFO - Executing <Task(DatabricksRunNowOperator): transformando_dados> on 2023-10-08 14:20:00+00:00
[2023-10-15T20:03:09.362-0300] {standard_task_runner.py:57} INFO - Started process 16955 to run task
[2023-10-15T20:03:09.365-0300] {standard_task_runner.py:84} INFO - Running: ['airflow', 'tasks', 'run', 'Executando-notebook-etl', 'transformando_dados', 'scheduled__2023-10-08T14:20:00+00:00', '--job-id', '285', '--raw', '--subdir', 'DAGS_FOLDER/extraindo-taxas.py', '--cfg-path', '/tmp/tmp5qamhoc1']
[2023-10-15T20:03:09.368-0300] {standard_task_runner.py:85} INFO - Job 285: Subtask transformando_dados
[2023-10-15T20:03:09.425-0300] {task_command.py:410} INFO - Running <TaskInstance: Executando-notebook-etl.transformando_dados scheduled__2023-10-08T14:20:00+00:00 [running]> on host DESKTOP-L4GJ4I7.
[2023-10-15T20:03:09.540-0300] {taskinstance.py:1545} INFO - Exporting env vars: AIRFLOW_CTX_DAG_OWNER='airflow' AIRFLOW_CTX_DAG_ID='Executando-notebook-etl' AIRFLOW_CTX_TASK_ID='transformando_dados' AIRFLOW_CTX_EXECUTION_DATE='2023-10-08T14:20:00+00:00' AIRFLOW_CTX_TRY_NUMBER='1' AIRFLOW_CTX_DAG_RUN_ID='scheduled__2023-10-08T14:20:00+00:00'
[2023-10-15T20:03:09.546-0300] {base.py:73} INFO - Using connection ID 'databricks_default' for task execution.
[2023-10-15T20:03:09.558-0300] {databricks_base.py:497} INFO - Using token auth.
[2023-10-15T20:03:10.245-0300] {databricks.py:54} INFO - Run submitted with run_id: 1048239335600759
[2023-10-15T20:03:10.245-0300] {databricks_base.py:497} INFO - Using token auth.
[2023-10-15T20:03:10.826-0300] {databricks_base.py:497} INFO - Using token auth.
[2023-10-15T20:03:11.328-0300] {databricks.py:95} INFO - transformando_dados in run state: {'life_cycle_state': 'RUNNING', 'result_state': '', 'state_message': ''}
[2023-10-15T20:03:11.328-0300] {databricks.py:96} INFO - View run status, Spark UI, and logs at https://adb-343886000386578.18.azuredatabricks.net/?o=343886000386578#job/421985359739676/run/1048239335600759
[2023-10-15T20:03:11.329-0300] {databricks.py:97} INFO - Sleeping for 30 seconds.
[2023-10-15T20:03:41.359-0300] {databricks_base.py:497} INFO - Using token auth.
[2023-10-15T20:03:41.852-0300] {databricks.py:65} INFO - transformando_dados completed successfully.
[2023-10-15T20:03:41.853-0300] {databricks.py:66} INFO - View run status, Spark UI, and logs at https://adb-343886000386578.18.azuredatabricks.net/?o=343886000386578#job/421985359739676/run/1048239335600759
[2023-10-15T20:03:41.861-0300] {taskinstance.py:1345} INFO - Marking task as SUCCESS. dag_id=Executando-notebook-etl, task_id=transformando_dados, execution_date=20231008T142000, start_date=20231015T230309, end_date=20231015T230341
[2023-10-15T20:03:41.937-0300] {local_task_job_runner.py:225} INFO - Task exited with return code 0
[2023-10-15T20:03:41.960-0300] {taskinstance.py:2651} INFO - 0 downstream tasks scheduled from follow-on schedule check
