[2023-10-15T20:04:20.361-0300] {taskinstance.py:1103} INFO - Dependencies all met for dep_context=non-requeueable deps ti=<TaskInstance: Executando-notebook-etl.transformando_dados scheduled__2023-10-09T14:20:00+00:00 [queued]>
[2023-10-15T20:04:20.368-0300] {taskinstance.py:1103} INFO - Dependencies all met for dep_context=requeueable deps ti=<TaskInstance: Executando-notebook-etl.transformando_dados scheduled__2023-10-09T14:20:00+00:00 [queued]>
[2023-10-15T20:04:20.368-0300] {taskinstance.py:1308} INFO - Starting attempt 1 of 1
[2023-10-15T20:04:20.397-0300] {taskinstance.py:1327} INFO - Executing <Task(DatabricksRunNowOperator): transformando_dados> on 2023-10-09 14:20:00+00:00
[2023-10-15T20:04:20.400-0300] {standard_task_runner.py:57} INFO - Started process 17179 to run task
[2023-10-15T20:04:20.403-0300] {standard_task_runner.py:84} INFO - Running: ['airflow', 'tasks', 'run', 'Executando-notebook-etl', 'transformando_dados', 'scheduled__2023-10-09T14:20:00+00:00', '--job-id', '287', '--raw', '--subdir', 'DAGS_FOLDER/extraindo-taxas.py', '--cfg-path', '/tmp/tmphoxprpjm']
[2023-10-15T20:04:20.406-0300] {standard_task_runner.py:85} INFO - Job 287: Subtask transformando_dados
[2023-10-15T20:04:20.452-0300] {task_command.py:410} INFO - Running <TaskInstance: Executando-notebook-etl.transformando_dados scheduled__2023-10-09T14:20:00+00:00 [running]> on host DESKTOP-L4GJ4I7.
[2023-10-15T20:04:20.563-0300] {taskinstance.py:1545} INFO - Exporting env vars: AIRFLOW_CTX_DAG_OWNER='airflow' AIRFLOW_CTX_DAG_ID='Executando-notebook-etl' AIRFLOW_CTX_TASK_ID='transformando_dados' AIRFLOW_CTX_EXECUTION_DATE='2023-10-09T14:20:00+00:00' AIRFLOW_CTX_TRY_NUMBER='1' AIRFLOW_CTX_DAG_RUN_ID='scheduled__2023-10-09T14:20:00+00:00'
[2023-10-15T20:04:20.570-0300] {base.py:73} INFO - Using connection ID 'databricks_default' for task execution.
[2023-10-15T20:04:20.583-0300] {databricks_base.py:497} INFO - Using token auth.
[2023-10-15T20:04:21.226-0300] {databricks.py:54} INFO - Run submitted with run_id: 516595598307209
[2023-10-15T20:04:21.226-0300] {databricks_base.py:497} INFO - Using token auth.
[2023-10-15T20:04:21.744-0300] {databricks_base.py:497} INFO - Using token auth.
[2023-10-15T20:04:22.555-0300] {databricks.py:95} INFO - transformando_dados in run state: {'life_cycle_state': 'RUNNING', 'result_state': '', 'state_message': ''}
[2023-10-15T20:04:22.555-0300] {databricks.py:96} INFO - View run status, Spark UI, and logs at https://adb-343886000386578.18.azuredatabricks.net/?o=343886000386578#job/421985359739676/run/516595598307209
[2023-10-15T20:04:22.556-0300] {databricks.py:97} INFO - Sleeping for 30 seconds.
[2023-10-15T20:04:52.558-0300] {databricks_base.py:497} INFO - Using token auth.
[2023-10-15T20:04:53.061-0300] {databricks.py:65} INFO - transformando_dados completed successfully.
[2023-10-15T20:04:53.061-0300] {databricks.py:66} INFO - View run status, Spark UI, and logs at https://adb-343886000386578.18.azuredatabricks.net/?o=343886000386578#job/421985359739676/run/516595598307209
[2023-10-15T20:04:53.070-0300] {taskinstance.py:1345} INFO - Marking task as SUCCESS. dag_id=Executando-notebook-etl, task_id=transformando_dados, execution_date=20231009T142000, start_date=20231015T230420, end_date=20231015T230453
[2023-10-15T20:04:53.109-0300] {local_task_job_runner.py:225} INFO - Task exited with return code 0
[2023-10-15T20:04:53.122-0300] {taskinstance.py:2651} INFO - 0 downstream tasks scheduled from follow-on schedule check
