[2023-10-15T19:27:01.595-0300] {taskinstance.py:1103} INFO - Dependencies all met for dep_context=non-requeueable deps ti=<TaskInstance: Executando-notebook-etl.transformando_dados scheduled__2023-09-08T14:20:00+00:00 [queued]>
[2023-10-15T19:27:01.602-0300] {taskinstance.py:1103} INFO - Dependencies all met for dep_context=requeueable deps ti=<TaskInstance: Executando-notebook-etl.transformando_dados scheduled__2023-09-08T14:20:00+00:00 [queued]>
[2023-10-15T19:27:01.603-0300] {taskinstance.py:1308} INFO - Starting attempt 1 of 1
[2023-10-15T19:27:01.658-0300] {taskinstance.py:1327} INFO - Executing <Task(DatabricksRunNowOperator): transformando_dados> on 2023-09-08 14:20:00+00:00
[2023-10-15T19:27:01.662-0300] {standard_task_runner.py:57} INFO - Started process 10258 to run task
[2023-10-15T19:27:01.665-0300] {standard_task_runner.py:84} INFO - Running: ['airflow', 'tasks', 'run', 'Executando-notebook-etl', 'transformando_dados', 'scheduled__2023-09-08T14:20:00+00:00', '--job-id', '225', '--raw', '--subdir', 'DAGS_FOLDER/extraindo-taxas.py', '--cfg-path', '/tmp/tmpc70t_v5n']
[2023-10-15T19:27:01.668-0300] {standard_task_runner.py:85} INFO - Job 225: Subtask transformando_dados
[2023-10-15T19:27:01.721-0300] {task_command.py:410} INFO - Running <TaskInstance: Executando-notebook-etl.transformando_dados scheduled__2023-09-08T14:20:00+00:00 [running]> on host DESKTOP-L4GJ4I7.
[2023-10-15T19:27:01.813-0300] {taskinstance.py:1545} INFO - Exporting env vars: AIRFLOW_CTX_DAG_OWNER='airflow' AIRFLOW_CTX_DAG_ID='Executando-notebook-etl' AIRFLOW_CTX_TASK_ID='transformando_dados' AIRFLOW_CTX_EXECUTION_DATE='2023-09-08T14:20:00+00:00' AIRFLOW_CTX_TRY_NUMBER='1' AIRFLOW_CTX_DAG_RUN_ID='scheduled__2023-09-08T14:20:00+00:00'
[2023-10-15T19:27:01.822-0300] {base.py:73} INFO - Using connection ID 'databricks_default' for task execution.
[2023-10-15T19:27:01.835-0300] {databricks_base.py:497} INFO - Using token auth.
[2023-10-15T19:27:02.489-0300] {databricks.py:54} INFO - Run submitted with run_id: 486927469147094
[2023-10-15T19:27:02.489-0300] {databricks_base.py:497} INFO - Using token auth.
[2023-10-15T19:27:03.046-0300] {databricks_base.py:497} INFO - Using token auth.
[2023-10-15T19:27:03.573-0300] {databricks.py:95} INFO - transformando_dados in run state: {'life_cycle_state': 'RUNNING', 'result_state': '', 'state_message': ''}
[2023-10-15T19:27:03.573-0300] {databricks.py:96} INFO - View run status, Spark UI, and logs at https://adb-343886000386578.18.azuredatabricks.net/?o=343886000386578#job/421985359739676/run/486927469147094
[2023-10-15T19:27:03.574-0300] {databricks.py:97} INFO - Sleeping for 30 seconds.
[2023-10-15T19:27:33.596-0300] {databricks_base.py:497} INFO - Using token auth.
[2023-10-15T19:27:34.209-0300] {databricks.py:65} INFO - transformando_dados completed successfully.
[2023-10-15T19:27:34.210-0300] {databricks.py:66} INFO - View run status, Spark UI, and logs at https://adb-343886000386578.18.azuredatabricks.net/?o=343886000386578#job/421985359739676/run/486927469147094
[2023-10-15T19:27:34.219-0300] {taskinstance.py:1345} INFO - Marking task as SUCCESS. dag_id=Executando-notebook-etl, task_id=transformando_dados, execution_date=20230908T142000, start_date=20231015T222701, end_date=20231015T222734
[2023-10-15T19:27:34.280-0300] {local_task_job_runner.py:225} INFO - Task exited with return code 0
[2023-10-15T19:27:34.308-0300] {taskinstance.py:2651} INFO - 0 downstream tasks scheduled from follow-on schedule check
